<?xml version="1.0" encoding="UTF-8"?>
<robot generator="Robot 7.0 (Python 3.12.2 on win32)" generated="2024-11-19T12:11:18.326037" rpa="false" schemaversion="5">
<suite id="s1" name="Ui" source="C:\Users\jenna\Selainpeli-main\src\test\java\op2\ryhmatyo\pelisivusto\ui.robot">
<test id="s1-t1" name="Kirjaudu ja siirry pääsivulle ja hae kuva" line="11">
<kw name="Open Browser" owner="SeleniumLibrary">
<msg time="2024-11-19T12:11:18.601495" level="INFO">Opening browser 'chrome' to base url 'http://localhost:8080'.</msg>
<arg>${URL}</arg>
<arg>chrome</arg>
<doc>Opens a new browser instance to the optional ``url``.</doc>
<status status="PASS" start="2024-11-19T12:11:18.599901" elapsed="3.877095"/>
</kw>
<kw name="Maximize Browser Window" owner="SeleniumLibrary">
<doc>Maximizes current browser window.</doc>
<status status="PASS" start="2024-11-19T12:11:22.477991" elapsed="0.047441"/>
</kw>
<kw name="Kirjaudu sisään">
<kw name="Wait Until Element Is Visible" owner="SeleniumLibrary">
<arg>name=username</arg>
<arg>10s</arg>
<doc>Waits until the element ``locator`` is visible.</doc>
<status status="PASS" start="2024-11-19T12:11:22.527430" elapsed="0.048465"/>
</kw>
<kw name="Input Text" owner="SeleniumLibrary">
<msg time="2024-11-19T12:11:22.576919" level="INFO">Typing text 'user' into text field 'name=username'.</msg>
<arg>name=username</arg>
<arg>${USERNAME}</arg>
<doc>Types the given ``text`` into the text field identified by ``locator``.</doc>
<status status="PASS" start="2024-11-19T12:11:22.576919" elapsed="0.167737"/>
</kw>
<kw name="Input Text" owner="SeleniumLibrary">
<msg time="2024-11-19T12:11:22.745651" level="INFO">Typing text 'password' into text field 'name=password'.</msg>
<arg>name=password</arg>
<arg>${PASSWORD}</arg>
<doc>Types the given ``text`` into the text field identified by ``locator``.</doc>
<status status="PASS" start="2024-11-19T12:11:22.745651" elapsed="0.204517"/>
</kw>
<kw name="Click Button" owner="SeleniumLibrary">
<msg time="2024-11-19T12:11:22.950168" level="INFO">Clicking button 'class=btn-login'.</msg>
<arg>class=btn-login</arg>
<doc>Clicks the button identified by ``locator``.</doc>
<status status="PASS" start="2024-11-19T12:11:22.950168" elapsed="0.346019"/>
</kw>
<status status="PASS" start="2024-11-19T12:11:22.526442" elapsed="0.769745"/>
</kw>
<kw name="Tarkista pääsivu">
<kw name="Wait Until Page Contains" owner="SeleniumLibrary">
<arg>PalanPaikka</arg>
<arg>timeout=20s</arg>
<doc>Waits until ``text`` appears on the current page.</doc>
<status status="PASS" start="2024-11-19T12:11:23.299709" elapsed="0.102896"/>
</kw>
<kw name="Capture Page Screenshot" owner="SeleniumLibrary">
<msg time="2024-11-19T12:11:23.748808" level="INFO" html="true">&lt;/td&gt;&lt;/tr&gt;&lt;tr&gt;&lt;td colspan="3"&gt;&lt;a href="kirjautuminen_onnistui.png"&gt;&lt;img src="kirjautuminen_onnistui.png" width="800px"&gt;&lt;/a&gt;</msg>
<arg>kirjautuminen_onnistui.png</arg>
<doc>Takes a screenshot of the current page and embeds it into a log file.</doc>
<status status="PASS" start="2024-11-19T12:11:23.402605" elapsed="0.346203"/>
</kw>
<status status="PASS" start="2024-11-19T12:11:23.298643" elapsed="0.450165"/>
</kw>
<kw name="Vaihda palapelin koko 6x6">
<kw name="Select From List By Value" owner="SeleniumLibrary">
<msg time="2024-11-19T12:11:23.749908" level="INFO">Selecting options from selection list 'id=puzzleSize' by value 6.</msg>
<arg>id=puzzleSize</arg>
<arg>6</arg>
<doc>Selects options from selection list ``locator`` by ``values``.</doc>
<status status="PASS" start="2024-11-19T12:11:23.749845" elapsed="0.087241"/>
</kw>
<kw name="Get Selected List Value" owner="SeleniumLibrary">
<msg time="2024-11-19T12:11:23.925561" level="INFO">${selected_value} = 6</msg>
<var>${selected_value}</var>
<arg>id=puzzleSize</arg>
<doc>Returns the value of selected option from selection list ``locator``.</doc>
<status status="PASS" start="2024-11-19T12:11:23.838074" elapsed="0.087487"/>
</kw>
<kw name="Should Be Equal As Numbers" owner="BuiltIn">
<arg>${selected_value}</arg>
<arg>6</arg>
<doc>Fails if objects are unequal after converting them to real numbers.</doc>
<status status="PASS" start="2024-11-19T12:11:23.925561" elapsed="0.000000"/>
</kw>
<kw name="Capture Page Screenshot" owner="SeleniumLibrary">
<msg time="2024-11-19T12:11:24.196118" level="INFO" html="true">&lt;/td&gt;&lt;/tr&gt;&lt;tr&gt;&lt;td colspan="3"&gt;&lt;a href="palapelin_koko_muuttunut.png"&gt;&lt;img src="palapelin_koko_muuttunut.png" width="800px"&gt;&lt;/a&gt;</msg>
<arg>palapelin_koko_muuttunut.png</arg>
<doc>Takes a screenshot of the current page and embeds it into a log file.</doc>
<status status="PASS" start="2024-11-19T12:11:23.925561" elapsed="0.271559"/>
</kw>
<status status="PASS" start="2024-11-19T12:11:23.749314" elapsed="0.447806"/>
</kw>
<kw name="Kuvahaku">
<kw name="Input Text" owner="SeleniumLibrary">
<msg time="2024-11-19T12:11:24.198027" level="INFO">Typing text 'koira' into text field 'id=searchQuery'.</msg>
<arg>id=searchQuery</arg>
<arg>${QUERY}</arg>
<doc>Types the given ``text`` into the text field identified by ``locator``.</doc>
<status status="PASS" start="2024-11-19T12:11:24.198027" elapsed="0.120346"/>
</kw>
<kw name="Click Button" owner="SeleniumLibrary">
<msg time="2024-11-19T12:11:24.318373" level="INFO">Clicking button 'class=custom-button'.</msg>
<arg>class=custom-button</arg>
<doc>Clicks the button identified by ``locator``.</doc>
<status status="PASS" start="2024-11-19T12:11:24.318373" elapsed="0.098622"/>
</kw>
<kw name="Wait Until Element Is Visible" owner="SeleniumLibrary">
<arg>id=puzzleContainer</arg>
<doc>Waits until the element ``locator`` is visible.</doc>
<status status="PASS" start="2024-11-19T12:11:24.417531" elapsed="0.728341"/>
</kw>
<kw name="Capture Page Screenshot" owner="SeleniumLibrary">
<msg time="2024-11-19T12:11:25.665191" level="INFO" html="true">&lt;/td&gt;&lt;/tr&gt;&lt;tr&gt;&lt;td colspan="3"&gt;&lt;a href="kuvan_haku_onnistui.png"&gt;&lt;img src="kuvan_haku_onnistui.png" width="800px"&gt;&lt;/a&gt;</msg>
<arg>kuvan_haku_onnistui.png</arg>
<doc>Takes a screenshot of the current page and embeds it into a log file.</doc>
<status status="PASS" start="2024-11-19T12:11:25.145872" elapsed="0.519319"/>
</kw>
<status status="PASS" start="2024-11-19T12:11:24.198027" elapsed="1.467164"/>
</kw>
<kw name="Odota palojen sekoittuminen">
<kw name="Sleep" owner="BuiltIn">
<msg time="2024-11-19T12:11:30.666407" level="INFO">Slept 5 seconds.</msg>
<arg>5s</arg>
<doc>Pauses the test executed for the given time.</doc>
<status status="PASS" start="2024-11-19T12:11:25.666191" elapsed="5.000216"/>
</kw>
<kw name="Capture Page Screenshot" owner="SeleniumLibrary">
<msg time="2024-11-19T12:11:31.217851" level="INFO" html="true">&lt;/td&gt;&lt;/tr&gt;&lt;tr&gt;&lt;td colspan="3"&gt;&lt;a href="palapeli_sekoittunut.png"&gt;&lt;img src="palapeli_sekoittunut.png" width="800px"&gt;&lt;/a&gt;</msg>
<arg>palapeli_sekoittunut.png</arg>
<doc>Takes a screenshot of the current page and embeds it into a log file.</doc>
<status status="PASS" start="2024-11-19T12:11:30.666407" elapsed="0.551444"/>
</kw>
<status status="PASS" start="2024-11-19T12:11:25.666191" elapsed="5.551660"/>
</kw>
<status status="PASS" start="2024-11-19T12:11:18.598390" elapsed="12.620468"/>
</test>
<status status="PASS" start="2024-11-19T12:11:18.328038" elapsed="12.891821"/>
</suite>
<statistics>
<total>
<stat pass="1" fail="0" skip="0">All Tests</stat>
</total>
<tag>
</tag>
<suite>
<stat pass="1" fail="0" skip="0" id="s1" name="Ui">Ui</stat>
</suite>
</statistics>
<errors>
</errors>
</robot>
