<?xml version="1.0" encoding="UTF-8"?>
<robot generator="Robot 7.0 (Python 3.12.2 on win32)" generated="2024-11-18T17:33:44.622806" rpa="false" schemaversion="5">
<suite id="s1" name="Login" source="C:\Users\jenna\Selainpeli-main\src\test\java\op2\ryhmatyo\pelisivusto\login.robot">
<test id="s1-t1" name="Kirjaudu Ja Siirry Pääsivulle" line="10">
<kw name="Open Browser" owner="SeleniumLibrary">
<msg time="2024-11-18T17:33:44.731468" level="INFO">Opening browser 'chrome' to base url 'http://localhost:8080'.</msg>
<arg>${URL}</arg>
<arg>chrome</arg>
<doc>Opens a new browser instance to the optional ``url``.</doc>
<status status="PASS" start="2024-11-18T17:33:44.731468" elapsed="3.476758"/>
</kw>
<kw name="Maximize Browser Window" owner="SeleniumLibrary">
<doc>Maximizes current browser window.</doc>
<status status="PASS" start="2024-11-18T17:33:48.209255" elapsed="0.038529"/>
</kw>
<kw name="Wait Until Element Is Visible" owner="SeleniumLibrary">
<arg>name=username</arg>
<arg>10s</arg>
<doc>Waits until the element ``locator`` is visible.</doc>
<status status="PASS" start="2024-11-18T17:33:48.247784" elapsed="0.034640"/>
</kw>
<kw name="Input Text" owner="SeleniumLibrary">
<msg time="2024-11-18T17:33:48.282424" level="INFO">Typing text 'user' into text field 'name=username'.</msg>
<arg>name=username</arg>
<arg>${USERNAME}</arg>
<doc>Types the given ``text`` into the text field identified by ``locator``.</doc>
<status status="PASS" start="2024-11-18T17:33:48.282424" elapsed="0.092150"/>
</kw>
<kw name="Input Text" owner="SeleniumLibrary">
<msg time="2024-11-18T17:33:48.375580" level="INFO">Typing text 'password' into text field 'name=password'.</msg>
<arg>name=password</arg>
<arg>${PASSWORD}</arg>
<doc>Types the given ``text`` into the text field identified by ``locator``.</doc>
<status status="PASS" start="2024-11-18T17:33:48.374574" elapsed="0.088197"/>
</kw>
<kw name="Click Button" owner="SeleniumLibrary">
<msg time="2024-11-18T17:33:48.462771" level="INFO">Clicking button 'name=btn.btn-lg.btn-primary.btn-block'.</msg>
<msg time="2024-11-18T17:33:48.588273" level="INFO" html="true">&lt;/td&gt;&lt;/tr&gt;&lt;tr&gt;&lt;td colspan="3"&gt;&lt;a href="selenium-screenshot-6.png"&gt;&lt;img src="selenium-screenshot-6.png" width="800px"&gt;&lt;/a&gt;</msg>
<msg time="2024-11-18T17:33:48.588273" level="FAIL">Button with locator 'name=btn.btn-lg.btn-primary.btn-block' not found.</msg>
<arg>name=btn.btn-lg.btn-primary.btn-block</arg>
<doc>Clicks the button identified by ``locator``.</doc>
<status status="FAIL" start="2024-11-18T17:33:48.462771" elapsed="0.125502">Button with locator 'name=btn.btn-lg.btn-primary.btn-block' not found.</status>
</kw>
<kw name="Wait Until Page Contains" owner="SeleniumLibrary">
<arg>/home</arg>
<arg>10s</arg>
<doc>Waits until ``text`` appears on the current page.</doc>
<status status="NOT RUN" start="2024-11-18T17:33:48.588273" elapsed="0.000000"/>
</kw>
<kw name="Capture Screenshot">
<arg>kirjautuminen_onnistui.png</arg>
<status status="NOT RUN" start="2024-11-18T17:33:48.595902" elapsed="0.000000"/>
</kw>
<kw name="Close Browser" owner="SeleniumLibrary">
<doc>Closes the current browser.</doc>
<status status="NOT RUN" start="2024-11-18T17:33:48.595902" elapsed="0.000000"/>
</kw>
<doc>Tämä testi kirjaa käyttäjän sisään ja tarkistaa, että pääsivulle siirrytään</doc>
<status status="FAIL" start="2024-11-18T17:33:44.731468" elapsed="3.865441">Button with locator 'name=btn.btn-lg.btn-primary.btn-block' not found.</status>
</test>
<status status="FAIL" start="2024-11-18T17:33:44.629565" elapsed="3.967344"/>
</suite>
<statistics>
<total>
<stat pass="0" fail="1" skip="0">All Tests</stat>
</total>
<tag>
</tag>
<suite>
<stat pass="0" fail="1" skip="0" id="s1" name="Login">Login</stat>
</suite>
</statistics>
<errors>
</errors>
</robot>
